2022-02-07T10:32:01+0530 <log> changePwd.js:246 (Object.gmailProcess) email:rajurajumikl8160@gmail.com change recovery mail to osdonosdafesta10@gmail.com
2022-02-07T10:33:06+0530 <log> changePwd.js:288 (Object.gmailProcess) email:rajurajumikl8160@gmail.com change password to qwerty@^7899999999
2022-02-07T10:37:08+0530 <log> changePwd.js:246 (Object.gmailProcess) email:rajurajumikl8160@gmail.com change recovery mail to osdonosdafesta10@gmail.com
2022-02-07T10:38:11+0530 <log> changePwd.js:288 (Object.gmailProcess) email:rajurajumikl8160@gmail.com change password to qwerty@^777
2022-02-07T10:42:47+0530 <log> changePwd.js:246 (Object.gmailProcess) email:rajurajumikl8160@gmail.com change recovery mail to osdonosdafesta10@gmail.com
2022-02-07T10:43:54+0530 <log> changePwd.js:288 (Object.gmailProcess) email:rajurajumikl8160@gmail.com change password to qwerty@^888
2022-02-07T11:10:48+0530 <log> changePwd.js:243 (Object.gmailProcess) email:boyblack8961@gmail.com change recovery mail to jojozinha2@gmail.com
2022-02-07T11:11:53+0530 <log> changePwd.js:285 (Object.gmailProcess) email:boyblack8961@gmail.com change password to qwerty@^123
2022-02-07T11:14:11+0530 <log> changePwd.js:243 (Object.gmailProcess) email:raziasultana6061@gmail.com change recovery mail to thalitacelestino@gmail.com
2022-02-07T11:15:15+0530 <log> changePwd.js:285 (Object.gmailProcess) email:raziasultana6061@gmail.com change password to qwerty@^123
2022-02-07T11:22:43+0530 <log> changePwd.js:243 (Object.gmailProcess) email:boyblack8961@gmail.com change recovery mail to jojozinha2@gmail.com
2022-02-07T11:23:49+0530 <log> changePwd.js:285 (Object.gmailProcess) email:boyblack8961@gmail.com change password to qwerty@666
2022-02-07T11:25:44+0530 <log> changePwd.js:243 (Object.gmailProcess) email:raziasultana6061@gmail.com change recovery mail to thalitacelestino@gmail.com
2022-02-07T11:26:49+0530 <log> changePwd.js:285 (Object.gmailProcess) email:raziasultana6061@gmail.com change password to qwerty@666
2022-02-07T11:28:39+0530 <log> changePwd.js:243 (Object.gmailProcess) email:rohoman8135@gmail.com change recovery mail to kate4121@gmail.com
2022-02-07T11:29:43+0530 <log> changePwd.js:285 (Object.gmailProcess) email:rohoman8135@gmail.com change password to qwerty@^123
2022-02-07T11:31:29+0530 <log> changePwd.js:243 (Object.gmailProcess) email:ajenterprise7777@gmail.com change recovery mail to gymy81@gmail.com
2022-02-07T11:32:32+0530 <log> changePwd.js:285 (Object.gmailProcess) email:ajenterprise7777@gmail.com change password to qwerty@^123
2022-02-07T11:34:26+0530 <log> changePwd.js:243 (Object.gmailProcess) email:mamunrashidbd29@gmail.com change recovery mail to anandinhahtinha@gmail.com
2022-02-07T11:45:45+0530 <log> changePwd.js:243 (Object.gmailProcess) email:boyblack8961@gmail.com change recovery mail to jojozinha2@gmail.com
2022-02-07T11:46:53+0530 <log> changePwd.js:285 (Object.gmailProcess) email:boyblack8961@gmail.com change password to qwerty@^666
2022-02-07T11:48:39+0530 <log> changePwd.js:243 (Object.gmailProcess) email:raziasultana6061@gmail.com change recovery mail to thalitacelestino@gmail.com
2022-02-07T11:49:46+0530 <log> changePwd.js:285 (Object.gmailProcess) email:raziasultana6061@gmail.com change password to qwerty@^666
2022-02-07T11:51:32+0530 <log> changePwd.js:243 (Object.gmailProcess) email:rohoman8135@gmail.com change recovery mail to kate4121@gmail.com
2022-02-07T11:52:39+0530 <log> changePwd.js:285 (Object.gmailProcess) email:rohoman8135@gmail.com change password to qwerty@^666
2022-02-07T11:54:26+0530 <log> changePwd.js:243 (Object.gmailProcess) email:ajenterprise7777@gmail.com change recovery mail to gymy81@gmail.com
2022-02-07T11:55:33+0530 <log> changePwd.js:285 (Object.gmailProcess) email:ajenterprise7777@gmail.com change password to qwerty@^666
2022-02-07T11:57:21+0530 <log> changePwd.js:243 (Object.gmailProcess) email:mamunrashidbd29@gmail.com change recovery mail to anandinhahtinha@gmail.com
2022-02-07T11:58:29+0530 <log> changePwd.js:285 (Object.gmailProcess) email:mamunrashidbd29@gmail.com change password to qwerty@^123
2022-02-07T12:00:18+0530 <log> changePwd.js:243 (Object.gmailProcess) email:mdabdullhamdabdullha879@gmail.com change recovery mail to emerson2009poars@gmail.com
2022-02-07T12:01:26+0530 <log> changePwd.js:285 (Object.gmailProcess) email:mdabdullhamdabdullha879@gmail.com change password to qwerty@^123
2022-02-07T12:03:13+0530 <log> changePwd.js:243 (Object.gmailProcess) email:mdtareq01784@gmail.com change recovery mail to sex.isterim.sex@gmail.com
2022-02-07T12:04:21+0530 <log> changePwd.js:285 (Object.gmailProcess) email:mdtareq01784@gmail.com change password to qwerty@^123
2022-02-15T22:23:36+0530 <log> changePwd.js:243 (Object.gmailProcess) email:boyblack8961@gmail.com change recovery mail to jojozinha2@gmail.com
2022-02-15T22:24:45+0530 <log> changePwd.js:285 (Object.gmailProcess) email:boyblack8961@gmail.com change password to qwerty@^666
2022-02-15T22:30:50+0530 <log> changePwd.js:243 (Object.gmailProcess) email:boyblack8961@gmail.com change recovery mail to jojozinha2@gmail.com
2022-02-15T22:32:00+0530 <log> changePwd.js:285 (Object.gmailProcess) email:boyblack8961@gmail.com change password to qwerty@^555
2022-02-15T22:51:45+0530 <log> changePwd.js:260 (Object.gmailProcess) email:boyblack8961@gmail.com change recovery mail to jojozinha2@gmail.com
2022-02-15T22:52:55+0530 <log> changePwd.js:302 (Object.gmailProcess) email:boyblack8961@gmail.com change password to qwerty@^444
2022-02-16T10:25:00+0530 <log> changePwd.js:260 (Object.gmailProcess) email:raziasultana6061@gmail.com change recovery mail to thalitacelestino@gmail.com
2022-02-16T10:26:10+0530 <log> changePwd.js:302 (Object.gmailProcess) email:raziasultana6061@gmail.com change password to qwerty@^555
2022-02-16T13:14:27+0530 <log> changePwd.js:260 (Object.gmailProcess) email:raziasultana6061@gmail.com change recovery mail to thalitacelestino@gmail.com
2022-02-16T13:15:37+0530 <log> changePwd.js:302 (Object.gmailProcess) email:raziasultana6061@gmail.com change password to qwerty@^111
2022-02-16T13:21:24+0530 <log> changePwd.js:260 (Object.gmailProcess) email:raziasultana6061@gmail.com change recovery mail to thalitacelestino@gmail.com
2022-02-16T13:26:02+0530 <log> changePwd.js:260 (Object.gmailProcess) email:raziasultana6061@gmail.com change recovery mail to thalitacelestino@gmail.com
2022-02-16T13:27:12+0530 <log> changePwd.js:302 (Object.gmailProcess) email:raziasultana6061@gmail.com change password to qwerty@^1
2022-02-16T16:07:36+0530 <log> changePwd.js:260 (Object.gmailProcess) email:raziasultana6061@gmail.com change recovery mail to thalitacelestino@gmail.com
2022-02-16T16:12:48+0530 <log> changePwd.js:260 (Object.gmailProcess) email:raziasultana6061@gmail.com change recovery mail to thalitacelestino@gmail.com
2022-02-16T16:13:57+0530 <log> changePwd.js:302 (Object.gmailProcess) email:raziasultana6061@gmail.com change password to qwerty@^11
2022-02-16T16:21:18+0530 <log> changePwd.js:260 (Object.gmailProcess) email:raziasultana6061@gmail.com change recovery mail to thalitacelestino@gmail.com
2022-02-16T16:22:29+0530 <log> changePwd.js:302 (Object.gmailProcess) email:raziasultana6061@gmail.com change password to qwerty@^000
2022-02-16T16:23:58+0530 <log> changePwd.js:260 (Object.gmailProcess) email:mdzaker738@gmail.com change recovery mail to chrislarcher8@gmail.com
2022-02-16T16:25:09+0530 <log> changePwd.js:302 (Object.gmailProcess) email:mdzaker738@gmail.com change password to qwerty@^000
2022-02-16T16:26:36+0530 <log> changePwd.js:260 (Object.gmailProcess) email:rohoman8135@gmail.com change recovery mail to kate4121@gmail.com
2022-02-16T16:27:48+0530 <log> changePwd.js:302 (Object.gmailProcess) email:rohoman8135@gmail.com change password to qwerty@^000
2022-02-16T16:29:15+0530 <log> changePwd.js:260 (Object.gmailProcess) email:ajenterprise7777@gmail.com change recovery mail to gymy81@gmail.com
2022-02-16T16:30:25+0530 <log> changePwd.js:302 (Object.gmailProcess) email:ajenterprise7777@gmail.com change password to qwerty@^000
2022-02-16T16:31:53+0530 <log> changePwd.js:260 (Object.gmailProcess) email:mamunrashidbd29@gmail.com change recovery mail to anandinhahtinha@gmail.com
2022-02-16T16:33:04+0530 <log> changePwd.js:302 (Object.gmailProcess) email:mamunrashidbd29@gmail.com change password to qwerty@^000
2022-02-17T22:28:32+0530 <log> changePwd.js:275 (Object.gmailProcess) email:jamesdapolieanva@gmail.com change recovery mail to mstrumie0@gmail.com
2022-02-17T23:18:12+0530 <log> changePwd.js:261 (Object.gmailProcess) email:p7540831@gmail.com change password to Wings#1rrs
2022-02-17T23:23:17+0530 <log> changePwd.js:261 (Object.gmailProcess) email:p7540831@gmail.com change password to Wings#1rrs
2022-02-17T23:40:27+0530 <log> changePwd.js:261 (Object.gmailProcess) email:anicahsmlauksbana@gmail.com change password to Wings#1rrs
2022-02-18T00:10:43+0530 <log> changePwd.js:261 (Object.gmailProcess) email:anicahsmlauksbana@gmail.com change password to Wings#1rrrr
2022-02-18T00:21:59+0530 <log> changePwd.js:261 (Object.gmailProcess) email:anicahsmlauksbana@gmail.com change password to Wings#1rsss
2022-02-18T00:27:53+0530 <log> changePwd.js:261 (Object.gmailProcess) email:anicahsmlauksbana@gmail.com change password to Wings#1r
2022-02-18T00:32:31+0530 <log> changePwd.js:261 (Object.gmailProcess) email:anicahsmlauksbana@gmail.com change password to Wings#1rs
2022-02-18T00:44:36+0530 <log> changePwd.js:275 (Object.gmailProcess) email:p7540831@gmail.com change password to Wings#1r
2022-02-18T00:54:08+0530 <log> changePwd.js:275 (Object.gmailProcess) email:p7540831@gmail.com change password to Wings#1rr
2022-02-18T00:59:43+0530 <log> changePwd.js:275 (Object.gmailProcess) email:p7540831@gmail.com change password to Wings#1rrrr
2022-02-18T01:03:18+0530 <log> changePwd.js:275 (Object.gmailProcess) email:p7540831@gmail.com change password to Wings#1rss
2022-02-18T01:08:41+0530 <log> changePwd.js:275 (Object.gmailProcess) email:p7540831@gmail.com change password to Wings#1rrss
2022-02-18T01:13:16+0530 <log> changePwd.js:275 (Object.gmailProcess) email:p7540831@gmail.com change password to Wings#1rsrs
2022-02-18T01:22:31+0530 <log> changePwd.js:278 (Object.gmailProcess) email:p7540831@gmail.com change password to Wings#1rr1
2022-02-18T01:31:23+0530 <log> changePwd.js:289 (Object.gmailProcess) email:p7540831@gmail.com change password to Wings#1rrsrs
2022-02-18T01:33:33+0530 <log> changePwd.js:289 (Object.gmailProcess) email:anicahsmlauksbana@gmail.com change password to Wings#1rssss
2022-02-18T01:35:51+0530 <log> changePwd.js:289 (Object.gmailProcess) email:bikramssingahsla@gmail.com change password to Wings#1rrs
2022-02-18T01:38:09+0530 <log> changePwd.js:289 (Object.gmailProcess) email:wollowknight9@gmail.com change password to Wings#1rrs
2022-02-18T01:40:29+0530 <log> changePwd.js:289 (Object.gmailProcess) email:edsayohuyome@gmail.com change password to Wings#1rrs
2022-02-18T01:42:55+0530 <log> changePwd.js:289 (Object.gmailProcess) email:patibenney7@gmail.com change password to Wings#1rrs
2022-02-18T01:45:12+0530 <log> changePwd.js:289 (Object.gmailProcess) email:WasidBukony354@gmail.com change password to Wings#1rrs
2022-02-18T01:47:35+0530 <log> changePwd.js:289 (Object.gmailProcess) email:RusadBikomy36@gmail.com change password to Wings#1rrs
